C51 COMPILER V9.59.0.0   TU_CAIJI                                                          06/18/2019 12:27:24 PAGE 1   


C51 COMPILER V9.59.0.0, COMPILATION OF MODULE TU_CAIJI
OBJECT MODULE PLACED IN .\Objects\TU_caiji.obj
COMPILER INVOKED BY: D:\Program Files (x86)\Keil\C51\BIN\C51.EXE user\TU_caiji.c OPTIMIZE(8,SPEED) BROWSE INCDIR(.\user)
                    - DEBUG OBJECTEXTEND PRINT(.\Listings\TU_caiji.lst) TABS(2) OBJECT(.\Objects\TU_caiji.obj)

line level    source

   1          /********************(C) COPRIGHT 2019 Crownto electronic **************************
   2           * 文件名  ：main.c
   3           * 描述    ：        
   4           * 硬件连接：
   5           * PCF8591:VCC -> 5V; GND -> GND; SCL -> P1.6;SDA -> P1.7; 
   6           *         OUT1~OUT8 -> P3口
   7           * LCD1602:RS -> P2.5; RW -> P2.6; E -> P2.7;
   8           *         D0~D7 -> P0口
   9           * 浊度传感器模块: VCC -> 5V; GND -> GND; AO -> AIN0;
  10           *
  11           * 功能描述：测量浊度值液晶显示；
  12                       串口接收测量所得的浊度值（波特率9600）；
  13           *           可连接上位机显示浊度值；
  14           * 作者    ：冠拓电子
  15           * 淘宝    ：https://shop376667309.taobao.com
  16           * 网址    ：www.crownto.cn
  17          **********************************************************************************/
  18          
  19          #include <reg52.h>
  20          #include <include.h>
  21          
  22          typedef unsigned char uchar;
  23          typedef unsigned char uint;
  24          
  25          /**************外部变量定义************************/
  26          int num=0; 
  27          /**************变量定义***************************/
  28          //double PH=0.0;
  29          //unsigned char disbuff[5]={0};
  30          double ADC_Voltage=0.0;
  31          float TU=0.0;
  32          float TU_value=0.0;
  33          float TU_calibration=0.0;
  34          unsigned char disbuff[13]={0}; 
  35          float temp_data=25.0;
  36          float K_Value=3047.19;
  37          
  38          
  39          /*
  40           * 函数名：Get_Voltage_Value
  41           * 描述  ：获取ADC0809的转换电压值
  42           *         
  43           * 输入  ：无
  44           * 输出  ：无
  45           * 说明  ：
  46           *            AIN0(0X40):热敏电阻
  47           *            AIN1(0X41):悬空
  48           *            AIN2(0X42):滑动变阻器
  49           *            AIN3(0X43):光敏电阻
  50           */
  51          void Get_Voltage_Value()
  52          {
  53   1            ISendByte(PCF8591,0x40);
  54   1            num=IRcvByte(PCF8591);  //ADC0 模数转换1      PH电极
C51 COMPILER V9.59.0.0   TU_CAIJI                                                          06/18/2019 12:27:24 PAGE 2   

  55   1      //      TU =num * 5.0/ 255;  //转换为电压值
  56   1      }
  57          /*
  58           * 函数名：Character_Conversion
  59           * 描述  ：延时函数
  60           *         
  61           * 输入  ：unsigned char n：延时量
  62           * 输出  ：无
  63           * 说明  ：
  64           */
  65          void TU_Value_Conversion()
  66          { 
  67   1          Get_Voltage_Value();
  68   1          TU=(num*5.0)/256;
  69   1          TU_calibration=-0.0192*(temp_data-25)+TU;  
  70   1          TU_value=-865.68*TU_calibration + K_Value;
  71   1        
  72   1          if(TU_value<=0){TU_value=0;}
  73   1          if(TU_value>=3000){TU_value=3000;}
  74   1      
  75   1          
  76   1          /*显示酸碱度*/
  77   1          disbuff[0]=(int)(TU_value)/1000+'0';
  78   1          disbuff[1]=(int)(TU_value)%1000/100+'0';  
  79   1          disbuff[2]=(int)(TU_value)%100/10+'0';
  80   1          disbuff[3]=(int)(TU_value)%10+'0';
  81   1          
  82   1          
  83   1          DisplaySingleChar(0x03,0,disbuff[0]);
  84   1          DisplaySingleChar(0x04,0,disbuff[1]);
  85   1          DisplaySingleChar(0x05,0,disbuff[2]);
  86   1          DisplaySingleChar(0x06,0,disbuff[3]); 
  87   1      }
  88          void StartUART( void )
  89          {               //波特率9600
  90   1           SCON = 0x50;
  91   1           TMOD = 0x20;
  92   1           TH1 = 0xFD;
  93   1           TL1 = 0xFD; 
  94   1           PCON = 0x00;
  95   1           TR1 = 1;
  96   1      }
  97          //**********通过串口将接收到数据发送给PC端**************
  98          void R_S_Byte(uchar R_Byte)
  99          { 
 100   1         SBUF = R_Byte;  
 101   1           while( TI == 0 );        //查询法
 102   1           TI = 0;    
 103   1      }
 104          /*
 105           * 函数名：main
 106           * 描述  ：主函数
 107           * 输入  ：无
 108           * 输出  ：无
 109           */
 110          void main(void)
 111          {
 112   1        int i;
 113   1        LCDInit();
 114   1        StartUART();
 115   1        
 116   1        DisplayString(0x0,0,"  Welcome  TU  ");
C51 COMPILER V9.59.0.0   TU_CAIJI                                                          06/18/2019 12:27:24 PAGE 3   

 117   1        DisplayString(0x0,1,"Detection system");
 118   1        delay_1s();
 119   1        WriteCmd(LCD_CLS);
 120   1        
 121   1        DisplayString(0x0,0,"TU=");
 122   1        DisplaySingleChar(0x08,0,'p');
 123   1        DisplaySingleChar(0x09,0,'p');
 124   1        DisplaySingleChar(0x0A,0,'m');
 125   1        
 126   1        
 127   1        while(1)
 128   1        {   
 129   2              TU_Value_Conversion();
 130   2      //        display_value(); 
 131   2            for(i=0;i<5;i++)
 132   2              {
 133   3                R_S_Byte(disbuff[i]);
 134   3              } 
 135   2      //        R_S_Byte('\r');//发送回车换行符
 136   2      //        R_S_Byte('\n');
 137   2              delay_1s();
 138   2        } 
 139   1      }


MODULE INFORMATION:   STATIC OVERLAYABLE
   CODE SIZE        =    488    ----
   CONSTANT SIZE    =     37    ----
   XDATA SIZE       =   ----    ----
   PDATA SIZE       =   ----    ----
   DATA SIZE        =     39    ----
   IDATA SIZE       =   ----    ----
   BIT SIZE         =   ----    ----
END OF MODULE INFORMATION.


C51 COMPILATION COMPLETE.  0 WARNING(S),  0 ERROR(S)
