C51 COMPILER V9.59.0.0   CHENGXU                                                           06/18/2019 16:13:08 PAGE 1   


C51 COMPILER V9.59.0.0, COMPILATION OF MODULE CHENGXU
OBJECT MODULE PLACED IN chengxu.OBJ
COMPILER INVOKED BY: D:\Program Files (x86)\Keil\C51\BIN\C51.EXE chengxu.c OPTIMIZE(8,SPEED) BROWSE DEBUG OBJECTEXTEND T
                    -ABS(2)

line level    source

   1          /********************(C) COPRIGHT 2019 Crownto electronic **************************
   2           * 文件名  ：main.c
   3           * 描述    ：        
   4           * 硬件连接：
   5           * 浊度传感器模块: VCC -> 5V; GND -> GND; DO -> P2.0;
   6           * LED：   LED -> P1.0
   7           * 功能描述：P2.0口判断浊度传感器模块输出信号；控制指示灯显示当前水位状态
   8                       （LED可改为继电器控制）
   9           * 作者    ：冠拓电子
  10           * 淘宝    ：https://shop376667309.taobao.com
  11           * 网址    ：www.crownto.cn
  12          **********************************************************************************/
  13          #include <reg52.h>           //库文件
  14          #define uchar unsigned char//宏定义无符号字符型
  15          #define uint unsigned int  //宏定义无符号整型
  16          
  17          /********************************************************************
  18                                      I/O定义
  19          *********************************************************************/
  20          sbit LED=P1^0;   //定义单片机P1口的第1位 （即P1.0）为指示端
  21          sbit DOUT=P2^0;  //定义单片机P2口的第1位 （即P2.0）为传感器的输入端
  22          /********************************************************************
  23                                      延时函数
  24          *********************************************************************/
  25          void delay()//延时程序
  26          {
  27   1      uchar m,n,s;
  28   1      for(m=20;m>0;m--)
  29   1      for(n=20;n>0;n--)
  30   1      for(s=248;s>0;s--);
  31   1      }
  32          /********************************************************************
  33                                      主函数
  34          *********************************************************************/
  35          void main()
  36          {
  37   1        LED=1;     //初始熄灭P1.0口灯
  38   1        while(1)   //无限循环
  39   1        {
  40   2         if(DOUT==0)//当有水时 
  41   2         {
  42   3            delay();//延时抗干扰
  43   3          if(DOUT==0)//当浊度值高于设定阈值时
  44   3            {
  45   4             LED=0;    //点亮P1.0口灯
  46   4          }
  47   3         }
  48   2         else   //当浊度值低于设定阈值时
  49   2         {
  50   3               LED=1;    //熄灭P1.0口灯
  51   3         }
  52   2        }
  53   1      } 
  54          /********************************************************************
C51 COMPILER V9.59.0.0   CHENGXU                                                           06/18/2019 16:13:08 PAGE 2   

  55                                        结束
  56          *********************************************************************/


MODULE INFORMATION:   STATIC OVERLAYABLE
   CODE SIZE        =     65    ----
   CONSTANT SIZE    =   ----    ----
   XDATA SIZE       =   ----    ----
   PDATA SIZE       =   ----    ----
   DATA SIZE        =   ----    ----
   IDATA SIZE       =   ----    ----
   BIT SIZE         =   ----    ----
END OF MODULE INFORMATION.


C51 COMPILATION COMPLETE.  0 WARNING(S),  0 ERROR(S)
