C51 COMPILER V9.00   MAIN                                                                  06/09/2013 17:07:10 PAGE 1   


C51 COMPILER V9.00, COMPILATION OF MODULE MAIN
OBJECT MODULE PLACED IN main.OBJ
COMPILER INVOKED BY: C:\Keil\C51\BIN\C51.EXE main.c BROWSE DEBUG OBJECTEXTEND

line level    source

   1          //****************************************************
   2          //****************************************************
   3          //                      小强II号 无线开发板例程
   4          //                              大学生电子商铺
   5          //                      http://ilovemcu.taobao.com
   6          //****************************************************
   7          //****************************************************
   8          #include "main.h"
   9          #include "LCD1602.h"
  10          #include "DS18B20.h"
  11          
  12          //定义变量
  13          unsigned int Temp_Buffer = 0;
  14          
  15          //****************************************************
  16          //主函数
  17          //****************************************************
  18          void main()
  19          {
  20   1              Init_LCD1602();                                                                 //初始化LCD1602
  21   1              LCD1602_write_com(0x80);                                                //指针设置到第一行第1列
  22   1              LCD1602_write_word("RF DEMO BORAD");
  23   1      
  24   1              Temp_Buffer = Get_temp();                                       //读取DS18B20的值
  25   1              Delay_ms(1000);                                                         //等待1s等待DS18B20数据稳定。否则会出现85℃。
  26   1              while(1)
  27   1              {
  28   2                      Temp_Buffer = Get_temp();                                       //读取DS18B20的值
  29   2                      LCD1602_write_com(0x80+0x40);                           //设置LCD1602指针到第二行第一列
  30   2                      LCD1602_write_word("TEMP = ");
  31   2                      if(flag_temper == 1)                                            //根据温度标志位显示温度正负
  32   2                      {
  33   3                              LCD1602_write_data('-');        
  34   3                      }
  35   2                      if( Temp_Buffer/1000 != 0 )                                     //如果第一位为0，忽略显示
  36   2                      {
  37   3                              LCD1602_write_data(Temp_Buffer/1000+0X30);         //显示温度百位值
  38   3                      }
  39   2                      if( Temp_Buffer/1000 == 0 && Temp_Buffer%1000/100 == 0 )                        //百位十位都为0，忽略显示
  40   2                      {
  41   3      
  42   3                      }
  43   2                      else
  44   2                      {
  45   3                              LCD1602_write_data(Temp_Buffer%1000/100+0X30);     //显示温度十位值
  46   3                      }
  47   2                      LCD1602_write_data(Temp_Buffer%100/10+0X30);       //显示温度个位值
  48   2                      LCD1602_write_data('.');                                                   //显示小数点
  49   2                      LCD1602_write_data(Temp_Buffer%10+0X30);                   //显示温度十分位值
  50   2                      LCD1602_write_word(" C  ");                                                //显示字符C
  51   2                      
  52   2                      Delay_ms(500);                          
  53   2              }
  54   1      }
  55          
C51 COMPILER V9.00   MAIN                                                                  06/09/2013 17:07:10 PAGE 2   

  56          //****************************************************
  57          //MS延时函数(12M晶振下测试)
  58          //****************************************************
  59          void Delay_ms(unsigned int n)
  60          {
  61   1              unsigned int  i,j;
  62   1              for(i=0;i<n;i++)
  63   1                      for(j=0;j<123;j++);
  64   1      }


MODULE INFORMATION:   STATIC OVERLAYABLE
   CODE SIZE        =    263    ----
   CONSTANT SIZE    =     27    ----
   XDATA SIZE       =   ----    ----
   PDATA SIZE       =   ----    ----
   DATA SIZE        =      2    ----
   IDATA SIZE       =   ----    ----
   BIT SIZE         =   ----    ----
END OF MODULE INFORMATION.


C51 COMPILATION COMPLETE.  0 WARNING(S),  0 ERROR(S)
