C51 COMPILER V9.59.0.0   PH_CAIJI                                                          06/02/2019 17:58:53 PAGE 1   


C51 COMPILER V9.59.0.0, COMPILATION OF MODULE PH_CAIJI
OBJECT MODULE PLACED IN .\Objects\PH_caiji.obj
COMPILER INVOKED BY: D:\Program Files (x86)\Keil\C51\BIN\C51.EXE user\PH_caiji.c OPTIMIZE(8,SPEED) BROWSE INCDIR(.\user)
                    - DEBUG OBJECTEXTEND PRINT(.\Listings\PH_caiji.lst) TABS(2) OBJECT(.\Objects\PH_caiji.obj)

line level    source

   1          /********************(C) COPRIGHT 2019 Crownto electronic **************************
   2           * 文件名  ：main.c
   3           * 描述    ：        
   4           * 硬件连接：
   5           * PCF8591:VCC -> 5V; GND -> GND; SCL -> P1.6;SDA -> P1.7; 
   6           *         OUT1~OUT8 -> P3口
   7           * OLED :CS -> P2.4; RST -> P2.2; DC -> P2.3;SCL -> P2.0;SDIN -> P2.1;
   8           *         D0~D7 -> P0口
   9           * PH模块: VCC -> 5V; GND -> GND; PO -> AIN0;
  10           *
  11           * 功能描述：测量PH值液晶显示；
  12                       串口接收测量所得的PH值（波特率9600）；
  13           *           可连接上位机显示PH值；
  14           * 作者    ：冠拓电子
  15           * 淘宝    ：https://shop376667309.taobao.com
  16           * 网址    ：www.crownto.cn
  17          **********************************************************************************/
  18          
  19          #include <reg52.h>
  20          #include <include.h>
  21          
  22          typedef unsigned char uchar;
  23          typedef unsigned char uint;
  24          
  25          /**************外部变量定义************************/
  26          int num=0; 
  27          /**************变量定义***************************/
  28          double PH=0.0;
  29          unsigned char disbuff[5]={0};
  30          double ADC_Voltage=0.0;
  31          /*
  32           * 函数名：delay_1s
  33           * 描述  ：延时函数1s
  34           *         
  35           * 输入  ：unsigned int time：延时量
  36           * 输出  ：无
  37           * 说明  ：液晶显示用延时函数
  38           */
  39          void delay_1s()   //延时1s
  40          {
  41   1        unsigned char i, j, k;
  42   1      
  43   1        _nop_();
  44   1        i = 8;
  45   1        j = 1;
  46   1        k = 243;
  47   1        do
  48   1        {
  49   2          do
  50   2          {
  51   3            while (--k);
  52   3          } while (--j);
  53   2        } while (--i);
  54   1      } 
C51 COMPILER V9.59.0.0   PH_CAIJI                                                          06/02/2019 17:58:53 PAGE 2   

  55          
  56          /*
  57           * 函数名：Get_Voltage_Value
  58           * 描述  ：获取ADC0809的转换电压值
  59           *         
  60           * 输入  ：无
  61           * 输出  ：无
  62           * 说明  ：
  63           *            AIN0(0X40):热敏电阻
  64           *            AIN1(0X41):悬空
  65           *            AIN2(0X42):滑动变阻器
  66           *            AIN3(0X43):光敏电阻
  67           */
  68          void Get_Voltage_Value()
  69          {
  70   1            ISendByte(PCF8591,0x40);
  71   1            num=IRcvByte(PCF8591);  //ADC0 模数转换1      PH电极
  72   1            ADC_Voltage =num * 5.0/ 255;  //转换为电压值
  73   1      }
  74          /*
  75           * 函数名：Character_Conversion
  76           * 描述  ：延时函数
  77           *         
  78           * 输入  ：unsigned char n：延时量
  79           * 输出  ：无
  80           * 说明  ：
  81           */
  82          void PH_Value_Conversion()
  83          { 
  84   1        PH=-5.887*ADC_Voltage+21.677;
  85   1        
  86   1        if(PH<=0){PH=0;}
  87   1        if(PH>=14){PH=14;}
  88   1          
  89   1         /*显示酸碱度*/
  90   1        disbuff[0]=(int)(PH*100)/1000+'0';
  91   1        disbuff[1]=(int)(PH*100)%1000/100+'0';  
  92   1        disbuff[2]='.';
  93   1        disbuff[3]=(int)(PH*100)%100/10+'0';
  94   1        disbuff[4]=(int)(PH*100)%10+'0';
  95   1        
  96   1      }
  97          void display_value()
  98          {
  99   1        
 100   1        /*显示 PH 浓度值*/
 101   1        OLED_ShowChar(24,2,disbuff[0]);//显示ASCII字符
 102   1        OLED_ShowChar(33,2,disbuff[1]);//显示ASCII字符
 103   1        OLED_ShowChar(42,2,disbuff[2]);//显示ASCII字符
 104   1        OLED_ShowChar(51,2,disbuff[3]);//显示ASCII字符  
 105   1        OLED_ShowChar(60,2,disbuff[4]);//显示ASCII字符  
 106   1      }
 107          void StartUART( void )
 108          {               //波特率9600
 109   1           SCON = 0x50;
 110   1           TMOD = 0x20;
 111   1           TH1 = 0xFD;
 112   1           TL1 = 0xFD; 
 113   1           PCON = 0x00;
 114   1           TR1 = 1;
 115   1      }
 116          //**********通过串口将接收到数据发送给PC端**************
C51 COMPILER V9.59.0.0   PH_CAIJI                                                          06/02/2019 17:58:53 PAGE 3   

 117          void R_S_Byte(uchar R_Byte)
 118          { 
 119   1         SBUF = R_Byte;  
 120   1           while( TI == 0 );        //查询法
 121   1           TI = 0;    
 122   1      }
 123          /*
 124           * 函数名：main
 125           * 描述  ：主函数
 126           * 输入  ：无
 127           * 输出  ：无
 128           */
 129          void main(void)
 130          {
 131   1        int i;
 132   1        StartUART();
 133   1        OLED_Init();      //初始化OLED  
 134   1        OLED_Clear()    ; 
 135   1      
 136   1        
 137   1        OLED_ShowCHinese(0,0,0);
 138   1        OLED_ShowCHinese(18,0,1);
 139   1        OLED_ShowCHinese(36,0,2);
 140   1        OLED_ShowCHinese(54,0,3);
 141   1        OLED_ShowCHinese(72,0,4);
 142   1        OLED_ShowCHinese(90,0,5);
 143   1        OLED_ShowCHinese(108,0,6);
 144   1        OLED_ShowString(0,2,"PH:"); 
 145   1        
 146   1        while(1)
 147   1        {   
 148   2              Get_Voltage_Value();
 149   2              PH_Value_Conversion();
 150   2              display_value(); 
 151   2            for(i=0;i<5;i++)
 152   2              {
 153   3                R_S_Byte(disbuff[i]);
 154   3              } 
 155   2      //        R_S_Byte('\r');//发送回车换行符
 156   2      //        R_S_Byte('\n');
 157   2              delay_1s();
 158   2        } 
 159   1      }


MODULE INFORMATION:   STATIC OVERLAYABLE
   CODE SIZE        =    493    ----
   CONSTANT SIZE    =      4    ----
   XDATA SIZE       =   ----    ----
   PDATA SIZE       =   ----    ----
   DATA SIZE        =     15    ----
   IDATA SIZE       =   ----    ----
   BIT SIZE         =   ----    ----
END OF MODULE INFORMATION.


C51 COMPILATION COMPLETE.  0 WARNING(S),  0 ERROR(S)
