C51 COMPILER V9.59.0.0   MAIN                                                              06/02/2019 18:40:15 PAGE 1   


C51 COMPILER V9.59.0.0, COMPILATION OF MODULE MAIN
OBJECT MODULE PLACED IN .\Objects\main.obj
COMPILER INVOKED BY: D:\Program Files (x86)\Keil\C51\BIN\C51.EXE User\main.c OPTIMIZE(8,SPEED) BROWSE INCDIR(.\User) DEB
                    -UG OBJECTEXTEND PRINT(.\Listings\main.lst) TABS(2) OBJECT(.\Objects\main.obj)

line level    source

   1          /********************(C) COPRIGHT 2019 Crownto electronic **************************
   2           * 文件名  ：main.c
   3           * 描述    ：        
   4           * 硬件连接：
   5           * LCD1602:RS -> P2.0; RW -> P2.1; E -> P2.2;
   6           *         D0~D7 -> P0口
   7           * PH模块: VCC -> 5V; GND -> GND; PO -> P1.1;
   8           * 按键:   key1 -> P2.4; key2 -> P2.5; key3 -> P2.6;
   9           * LED：   LED -> P1.4
  10           * 功能描述：测量PH值液晶显示；
  11                       按键设定PH值上下限值，超过设定范围指示灯亮进行报警
  12                       串口接收测量所得的PH值（波特率9600）；
  13           *           可连接上位机显示PH值；
  14           * 作者    ：冠拓电子
  15           * 淘宝    ：https://shop376667309.taobao.com
  16           * 网址    ：www.crownto.cn
  17          **********************************************************************************/
  18          #include <STC12C5A60S2.h>
  19          #include <intrins.h>
  20          #include <lcd.h>
  21          
  22          
  23          #define uchar unsigned char
  24          #define uint  unsigned int
  25          
  26          #define MAIN_Fosc   11059200L //定义主时钟, 模拟串口和和延时会自动适应。5~35MHZ  22118400L 
  27           
  28          #define ADC_OFF() ADC_CONTR = 0
  29          #define ADC_ON    (1 << 7)
  30          #define ADC_90T   (3 << 5)
  31          #define ADC_180T  (2 << 5)
  32          #define ADC_360T  (1 << 5)
  33          #define ADC_540T  0
  34          #define ADC_FLAG  (1 << 4)  //软件清0
  35          #define ADC_START (1 << 3)  //自动清0
  36          #define ADC_CH0   0
  37          #define ADC_CH1   1
  38          #define ADC_CH2   2
  39          #define ADC_CH3   3
  40          #define ADC_CH4   4
  41          #define ADC_CH5   5
  42          #define ADC_CH6   6
  43          #define ADC_CH7   7
  44          
  45          sbit k1 = P2^4;
  46          sbit k2 = P2^5;
  47          sbit k3 = P2^6;
  48          sbit ph_led = P1^4;
  49          
  50          
  51          /**************变量定义***************************/
  52          float PH=0.0;
  53          float PH_value=0.0;
  54          float ph_set1=0.0;
C51 COMPILER V9.59.0.0   MAIN                                                              06/02/2019 18:40:15 PAGE 2   

  55          float ph_set2=0.0;
  56          unsigned char disbuff[5]={0}; 
  57          
  58          
  59          void  DelayUs(unsigned int time);   //延时子函数
  60          void  Delay1(unsigned int time);     //延时主程序
  61          void  press_k1();
  62          void  press_k2();
  63          void  press_k3();
  64          uint  adc10_start(uchar channel); //channel = 0~7
  65          int s1;
  66          
  67          
  68          /*
  69           * 函数名：PH_Value_Conversion
  70           * 描述  ：获取PH模块输出电压值
  71           *         
  72           * 输入  ：无
  73           * 输出  ：无
  74           * 说明  ：
  75           */
  76          void PH_Value_Conversion()
  77          {
  78   1          PH=(PH*5)/1024;
  79   1          PH_value=-5.887*PH+21.677;
  80   1        
  81   1          if((PH_value<=0)){PH_value=0;}
  82   1          if((PH_value>14)){PH_value=14.1;}
  83   1          
  84   1          /*显示酸碱度*/
  85   1          disbuff[0]=(int)(PH_value*100)/1000+'0';
  86   1          disbuff[1]=(int)(PH_value*100)%1000/100+'0';  
  87   1          disbuff[2]='.';
  88   1          disbuff[3]=(int)(PH_value*100)%100/10+'0';
  89   1          disbuff[4]=(int)(PH_value*100)%10+'0';
  90   1          
  91   1          DisplaySingleChar(0x03,0,disbuff[0]);
  92   1          DisplaySingleChar(0x04,0,disbuff[1]);
  93   1          DisplaySingleChar(0x05,0,disbuff[2]);
  94   1          DisplaySingleChar(0x06,0,disbuff[3]);
  95   1          DisplaySingleChar(0x07,0,disbuff[4]);   
  96   1      }
  97          
  98          /*
  99           * 函数名：PH_Value_Conversion
 100           * 描述  ：获取PH模块输出电压值
 101           *         
 102           * 输入  ：无
 103           * 输出  ：无
 104           * 说明  ：
 105           */
 106          
 107          void Display_PH1()
 108          {
 109   1        uint ph_h1, ph_h2,ph_h3,ph_h4;
 110   1        ph_h1 = (int)(ph_set1 * 100)/1000;
 111   1        ph_h2 = (int)(ph_set1 * 100)%1000/100;
 112   1        ph_h3 = (int)(ph_set1 * 100)%100/10;
 113   1        ph_h4 = (int)(ph_set1 * 100)%10;
 114   1        DisplaySingleChar(0x00,1,ph_h1+0x30);
 115   1        DisplaySingleChar(0x01,1,ph_h2+0x30);
 116   1        DisplaySingleChar(0x02,1,'.');
C51 COMPILER V9.59.0.0   MAIN                                                              06/02/2019 18:40:15 PAGE 3   

 117   1        DisplaySingleChar(0x03,1,ph_h3+0x30);
 118   1        DisplaySingleChar(0x04,1,ph_h4+0x30); 
 119   1      }
 120          void Display_PH2()
 121          {
 122   1        uint ph_h1, ph_h2,ph_h3,ph_h4;
 123   1        ph_h1 = (int)(ph_set2 * 100)/1000;
 124   1        ph_h2 = (int)(ph_set2 * 100)%1000/100;
 125   1        ph_h3 = (int)(ph_set2 * 100)%100/10;
 126   1        ph_h4 = (int)(ph_set2 * 100)%10;
 127   1        DisplaySingleChar(0x07,1,ph_h1+0x30);
 128   1        DisplaySingleChar(0x08,1,ph_h2+0x30);
 129   1        DisplaySingleChar(0x09,1,'.');
 130   1        DisplaySingleChar(0x0a,1,ph_h3+0x30);
 131   1        DisplaySingleChar(0x0b,1,ph_h4+0x30); 
 132   1      }
 133          /*
 134           * 函数名：main
 135           * 描述  ：主函数
 136           * 输入  ：无
 137           * 输出  ：无
 138           */
 139          void main(void)
 140          {
 141   1         
 142   1        LCDInit();                              //显示屏初始化
 143   1        DisplayString(0x0,0,"  Welcome...  ");
 144   1        DisplayString(0x0,1,"water quality");
 145   1        Delay1(500);
 146   1        WriteCmd(LCD_CLS);
 147   1        P1ASF = 0x07;     //12C5A60AD/S2系列模拟输入(AD)选择
 148   1        ADC_CONTR = ADC_360T | ADC_ON;
 149   1        ph_set1 = 4.0;
 150   1        ph_set2 = 9.0;  
 151   1        DisplayString(0x0,0,"PH:");
 152   1        while(1)
 153   1        {
 154   2      
 155   2          press_k1();
 156   2          press_k2();
 157   2          press_k3();
 158   2          Display_PH1();
 159   2          Display_PH2();
 160   2         //显示设置位置指示符
 161   2          if (s1 == 0)
 162   2          {
 163   3            DisplayString(0x05,1,"*");
 164   3            DisplayString(0x0c,1," ");
 165   3          }
 166   2          if (s1 == 1)
 167   2          {
 168   3            DisplayString(0x05,1," ");
 169   3            DisplayString(0x0c,1,"*");
 170   3          }
 171   2          //PH采集转换
 172   2          PH = adc10_start(1);
 173   2          Delay1(1000);   
 174   2          PH_Value_Conversion();
 175   2          //PH上下限判定
 176   2          if(PH_value>ph_set1 && PH_value<ph_set2)
 177   2          {
 178   3            ph_led = 1; //指示灯灭
C51 COMPILER V9.59.0.0   MAIN                                                              06/02/2019 18:40:15 PAGE 4   

 179   3          }
 180   2          else
 181   2          {
 182   3            ph_led = 0;//指示灯亮
 183   3          }
 184   2                  
 185   2        }
 186   1      }
 187            
 188          
 189          ///********************* 做一次ADC转换 *******************/
 190          uint  adc10_start(uchar channel)  //channel = 0~7
 191          {
 192   1        uint  adc;
 193   1        uchar i;
 194   1      
 195   1        ADC_RES = 0;
 196   1        ADC_RESL = 0;
 197   1      
 198   1        ADC_CONTR = (ADC_CONTR & 0xe0) | ADC_START | channel; 
 199   1      
 200   1        i = 250;
 201   1        do{
 202   2          if(ADC_CONTR & ADC_FLAG)
 203   2          {
 204   3            ADC_CONTR &= ~ADC_FLAG;
 205   3            adc = (uint)ADC_RES;
 206   3            adc = (adc << 2) | (ADC_RESL & 3);
 207   3            return  adc;
 208   3          }
 209   2        }while(--i);
 210   1        return  1024;
 211   1      }
 212          
 213          
 214          //========================================================================
 215          // 描述: 键盘扫描。
 216          void press_k1()   //设置按键扫描子函数   
 217          {
 218   1        if (k1 == 0)
 219   1        {
 220   2          Delay1(100);
 221   2          if (k1 == 0)
 222   2          {
 223   3            s1++;
 224   3            if (s1 == 2)
 225   3            {
 226   4              s1 = 0 ;
 227   4            }
 228   3          }
 229   2        }
 230   1      }
 231          
 232          void press_k2()   //+按键扫描子函数
 233          {
 234   1       if (k2 == 0)
 235   1        {
 236   2         Delay1(100);
 237   2         if (k2 == 0)
 238   2          {
 239   3           if (s1 == 0)
 240   3            {
C51 COMPILER V9.59.0.0   MAIN                                                              06/02/2019 18:40:15 PAGE 5   

 241   4              ph_set1+=0.01;
 242   4              if(ph_set1 > 14.1)
 243   4              {
 244   5                ph_set1 = 4;
 245   5              }         
 246   4            }
 247   3           if (s1 == 1)
 248   3            {
 249   4              ph_set2+=0.01;
 250   4              if(ph_set2 > 14.1)
 251   4              {
 252   5                ph_set2 = 9;
 253   5              }   
 254   4            }
 255   3          }
 256   2        }
 257   1      }
 258          
 259          void press_k3()   //-按键扫描子函数
 260          {
 261   1       if (k3 == 0)
 262   1        {
 263   2         Delay1(100);
 264   2         if (k3 == 0)
 265   2          {
 266   3           if (s1 == 0)
 267   3            {
 268   4              ph_set1-=0.01;
 269   4              if(ph_set1 <= 0)
 270   4              {
 271   5                ph_set1 = 4;
 272   5              }       
 273   4            }
 274   3           if (s1 == 1)
 275   3            {
 276   4              ph_set2-=0.01;
 277   4              if(ph_set2 <= 0)
 278   4              {
 279   5                ph_set2 = 9;
 280   5              }
 281   4            }
 282   3          }
 283   2        }
 284   1      }
 285          //延时函数//
 286          void Delay1(unsigned int time)
 287          {
 288   1          unsigned int timeCounter = 0;
 289   1        for (timeCounter = time;timeCounter > 0 ;timeCounter --)
 290   1          DelayUs(255);
 291   1      }
 292          
 293          void DelayUs(unsigned int time)
 294          {
 295   1        unsigned int timeCounter = 0;
 296   1        for (timeCounter = 0;timeCounter < time;timeCounter ++)
 297   1          _nop_();
 298   1      }
 299          
 300          
 301          

C51 COMPILER V9.59.0.0   MAIN                                                              06/02/2019 18:40:15 PAGE 6   


MODULE INFORMATION:   STATIC OVERLAYABLE
   CODE SIZE        =   1583    ----
   CONSTANT SIZE    =     37    ----
   XDATA SIZE       =   ----    ----
   PDATA SIZE       =   ----    ----
   DATA SIZE        =     23      27
   IDATA SIZE       =   ----    ----
   BIT SIZE         =   ----    ----
END OF MODULE INFORMATION.


C51 COMPILATION COMPLETE.  0 WARNING(S),  0 ERROR(S)
